2025-12-23 14:19:03,305 - INFO - Data loaded succesfully
2025-12-23 14:19:03,305 - INFO - Total Rows in the data : 303
2025-12-23 14:19:03,305 - INFO - Total columns in the data : 14
2025-12-23 14:19:03,307 - INFO - Checking Null Values : age         0
sex         0
cp          0
trestbps    0
chol        0
fbs         0
restecg     0
thalach     0
exang       0
oldpeak     0
slope       0
ca          0
thal        0
target      0
dtype: int64
2025-12-23 14:19:03,309 - INFO - Index(['age', 'sex', 'cp', 'trestbps', 'chol', 'fbs', 'restecg', 'thalach',
       'exang', 'oldpeak', 'slope', 'ca', 'thal'],
      dtype='object')
2025-12-23 14:19:03,309 - INFO - Index(['age', 'sex', 'cp', 'trestbps', 'chol', 'fbs', 'restecg', 'thalach',
       'exang', 'oldpeak', 'slope', 'ca', 'thal'],
      dtype='object')
2025-12-23 14:19:03,309 - INFO - 183    0
123    1
132    1
176    0
214    0
Name: target, dtype: int64
2025-12-23 14:19:03,309 - INFO - 146    1
63     1
228    0
76     1
285    0
Name: target, dtype: int64
2025-12-23 14:19:03,309 - INFO - Training data size : (242, 13)
2025-12-23 14:19:03,309 - INFO - Testing data size : (61, 13)
2025-12-23 14:19:03,309 - INFO - Missing Values
2025-12-23 14:19:03,309 - INFO - X_train columns: Index(['age', 'sex', 'cp', 'trestbps', 'chol', 'fbs', 'restecg', 'thalach',
       'exang', 'oldpeak', 'slope', 'ca', 'thal'],
      dtype='object')
2025-12-23 14:19:03,309 - INFO - X_test columns: Index(['age', 'sex', 'cp', 'trestbps', 'chol', 'fbs', 'restecg', 'thalach',
       'exang', 'oldpeak', 'slope', 'ca', 'thal'],
      dtype='object')
2025-12-23 14:19:03,309 - INFO - No Missing Values
2025-12-23 14:19:03,309 - INFO - Variable Transformation and Outlier Detection
2025-12-23 14:19:03,309 - INFO - int64
2025-12-23 14:19:03,309 - INFO - int64
2025-12-23 14:19:03,309 - INFO - int64
2025-12-23 14:19:03,309 - INFO - int64
2025-12-23 14:19:03,309 - INFO - int64
2025-12-23 14:19:03,309 - INFO - int64
2025-12-23 14:19:03,309 - INFO - int64
2025-12-23 14:19:03,309 - INFO - int64
2025-12-23 14:19:03,309 - INFO - int64
2025-12-23 14:19:03,309 - INFO - float64
2025-12-23 14:19:03,309 - INFO - int64
2025-12-23 14:19:03,309 - INFO - int64
2025-12-23 14:19:03,309 - INFO - int64
2025-12-23 14:19:03,313 - INFO - Index(['age', 'sex', 'cp', 'trestbps', 'chol', 'fbs', 'restecg', 'thalach',
       'exang', 'oldpeak', 'slope', 'ca', 'thal'],
      dtype='object')
2025-12-23 14:19:03,313 - INFO - Index(['age', 'sex', 'cp', 'trestbps', 'chol', 'fbs', 'restecg', 'thalach',
       'exang', 'oldpeak', 'slope', 'ca', 'thal'],
      dtype='object')
2025-12-23 14:19:10,115 - INFO - Index(['age', 'sex', 'cp', 'trestbps', 'chol', 'fbs', 'restecg', 'thalach',
       'exang', 'oldpeak', 'slope', 'ca', 'thal'],
      dtype='object') --> (242, 13)
2025-12-23 14:19:10,115 - INFO - Index(['age', 'sex', 'cp', 'trestbps', 'chol', 'fbs', 'restecg', 'thalach',
       'exang', 'oldpeak', 'slope', 'ca', 'thal'],
      dtype='object') --> (61, 13)
2025-12-23 14:19:10,115 - INFO - Variable Transformation Completed
2025-12-23 14:19:10,115 - INFO - Before SMOTE - Class Distribution: {1: 133, 0: 109}
2025-12-23 14:19:10,115 - INFO - Error in Line no : 105 : due to 'numpy.ndarray' object has no attribute 'value_counts'
2025-12-23 14:19:10,115 - INFO - (266, 13)
2025-12-23 14:19:10,115 - INFO - (61, 13)
2025-12-23 14:19:10,131 - INFO - Before 
:     age  sex  cp  trestbps      chol  fbs  restecg     thalach  exang   oldpeak  slope  ca  thal
0     42    1   1       120  5.690359    0        1  162.000000      0  0.000000      2   0     2
1     58    1   0       150  5.602119    0        0  111.000000      1  0.587787      2   0     3
2     46    1   2       150  5.446737    0        1  147.000000      0  1.526056      1   0     2
3     55    0   1       135  5.525453    0        0  161.000000      0  0.875469      1   0     2
4     60    1   0       117  5.442418    1        1  160.000000      1  0.875469      2   2     3
..   ...  ...  ..       ...       ...  ...      ...         ...    ...       ...    ...  ..   ...
261   44    1   0       120  5.284439    0        0  144.000000      0  1.047012      0   0     1
262   65    0   0       150  5.423375    0        0  113.968067      0  0.703810      1   2     3
263   52    1   0       125  5.403750    0        1  166.383743      0  0.533104      2   1     3
264   58    1   0       119  5.601857    0        0  160.000000      0  0.992465      1   0     2
265   61    1   1       124  5.404594    0        0  132.416318      0  1.200457      1   1     1

[266 rows x 13 columns]
2025-12-23 14:19:10,131 - INFO - Before 
:     age  sex  cp  trestbps      chol  fbs  restecg  thalach  exang   oldpeak  slope  ca  thal
179   57    1   0       150  5.624018    0        0    112.0      1  0.470004      1   1     1
228   59    1   3       170  5.666427    0        0    159.0      0  0.182322      1   0     3
111   57    1   2       150  4.844187    1        1    173.0      0  0.182322      2   1     3
246   56    0   0       134  5.913165    0        0    150.0      1  1.064711      1   2     3
60    71    0   2       110  5.583496    1        0    130.0      0  0.000000      2   1     2
..   ...  ...  ..       ...       ...  ...      ...      ...    ...       ...    ...  ..   ...
249   69    1   2       140  5.541264    0        0    146.0      0  1.098612      1   3     3
104   50    1   2       129  5.283204    0        1    163.0      0  0.000000      2   0     2
300   68    1   0       144  5.267858    1        1    141.0      0  1.481605      1   2     3
193   60    1   0       145  5.645447    0        0    142.0      1  1.335001      1   2     3
184   50    1   0       150  5.497168    0        0    128.0      0  1.280934      1   0     3

[61 rows x 13 columns]
2025-12-23 14:19:10,131 - INFO - (266, 13)
2025-12-23 14:19:10,131 - INFO - (61, 13)
2025-12-23 14:19:10,147 - INFO - Before 
:          age  sex  cp  trestbps      chol  fbs  restecg   thalach  exang   oldpeak  slope  ca  thal
0   -1.422108    1   1 -0.629946  1.080054    0        1  0.566489      0 -1.179300      2   0     2
1    0.352816    1   0  1.269890  0.613026    0        0 -1.766574      1 -0.006857      2   0     3
2   -0.978377    1   2  1.269890 -0.209356    0        1 -0.119706      0  1.864687      1   0     2
3    0.020018    0   1  0.319972  0.207259    0        0  0.520743      0  0.566976      1   0     2
4    0.574682    1   0 -0.819929 -0.232219    1        1  0.474996      1  0.566976      2   2     3
..        ...  ...  ..       ...       ...  ...      ...       ...    ...       ...    ...  ..   ...
261 -1.200242    1   0 -0.629946 -1.068346    0        0 -0.256945      0  0.909150      0   0     1
262  1.129345    0   0  1.269890 -0.333004    0        0 -1.630796      0  0.224572      1   2     3
263 -0.312780    1   0 -0.313306 -0.436873    0        1  0.767029      0 -0.115931      2   1     3
264  0.352816    1   0 -0.693273  0.611638    0        0  0.474996      0  0.800346      1   0     2
265  0.685614    1   1 -0.376634 -0.432406    0        0 -0.786856      0  1.215222      1   1     1

[266 rows x 13 columns]
2025-12-23 14:19:10,157 - INFO - Before 
:          age  sex  cp  trestbps      chol  fbs  restecg   thalach  exang   oldpeak  slope  ca  thal
179  0.241883    1   0  1.269890  0.728928    0        0 -1.720828      1 -0.241796      1   1     1
228  0.463749    1   3  2.536447  0.953386    0        0  0.429250      0 -0.815628      1   0     3
111  0.241883    1   2  1.269890 -3.398453    1        1  1.069699      0 -0.815628      2   1     3
246  0.130951    0   0  0.256644  2.259290    0        0  0.017533      1  0.944452      1   2     3
60   1.794942    0   2 -1.263224  0.514463    1        0 -0.897394      0 -1.179300      2   1     2
..        ...  ...  ..       ...       ...  ...      ...       ...    ...       ...    ...  ..   ...
249  1.573077    1   2  0.636612  0.290939    0        0 -0.165452      0  1.012075      1   3     3
104 -0.534646    1   2 -0.059995 -1.074885    0        1  0.612235      0 -1.179300      2   0     2
300  1.462144    1   0  0.889923 -1.156104    1        1 -0.394184      0  1.776020      1   2     3
193  0.574682    1   0  0.953251  0.842347    0        0 -0.348438      1  1.483594      1   2     3
184 -0.534646    1   0  1.269890  0.057558    0        0 -0.988886      0  1.375747      1   0     3

[61 rows x 13 columns]
2025-12-23 14:19:10,157 - INFO - Training Started
2025-12-23 14:19:20,608 - INFO - Training Completed
